2019-06-28 15:07:05,588+0530 INFO  Loader JAVA Oracle Corporation OpenJDK 64-Bit Server VM 1.8.0_212
2019-06-28 15:07:05,589+0530 INFO  Loader VERSION Swift 0.96.2 git-rev: b9611649002eecd640fc6c58bbb88cb35ce03539 heads/release-0.96-swift 6287
2019-06-28 15:07:05,589+0530 INFO  Loader RUN_ID run004
2019-06-28 15:07:05,589+0530 INFO  Loader ARGUMENTS [-runid, run004, -logfile, /home/amanda/swift-samples/swift1/run004/swift.log, p1.swift]
2019-06-28 15:07:05,589+0530 INFO  Loader MAX_HEAP 954728448
2019-06-28 15:07:05,589+0530 INFO  Loader GLOBUS_HOSTNAME amanda-pc
2019-06-28 15:07:05,589+0530 INFO  Loader CWD /home/amanda/swift-samples/swift1/.
2019-06-28 15:07:05,590+0530 DEBUG Loader SWIFT_CONFIGURATION 
[D] /home/amanda/swift-0.96.2/etc/swift.conf
[C] <Command Line>
{
	TCPPortRange: "50000, 50100"                               # [D] line 27
	alwaysTransferWrapperLog: true                             # [D] line 61
	executionRetries: 0                                        # [D] line 137
	fileOperationsThrottle: 8                                  # [D] line 121
	fileTransfersThrottle: 4                                   # [D] line 107
	hostJobSubmitThrottle: 2                                   # [D] line 95
	jobSubmitThrottle: 4                                       # [D] line 83
	keepSiteDir: false                                         # [D] line 131
	lazyErrors: true                                           # [D] line 41
	logProvenance: false                                       # [D] line 200
	maxForeachThreads: 16384                                   # [D] line 194
	replicationEnabled: false                                  # [D] line 146
	replicationLimit: 3                                        # [D] line 157
	replicationMinQueueTime: 60                                # [D] line 153
	site.local {
		app.ALL.executable: "*"                                   # [D] line 232
		execution.type: "local"                                   # [D] line 223
		filesystem.type: "local"                                  # [D] line 226
		workDirectory: "swiftwork"                                # [D] line 229
	}
	sites: [local]                                             # [D] line 236
	tracingEnabled: false                                      # [D] line 51
}

2019-06-28 15:07:05,590+0530 DEBUG textfiles BEGIN SWIFTSCRIPT:
type person {
    string name;
    file address;
    file data;
    int age;
}

person[] employees <SimpleMapper; prefix = "employee", separator = "-",
    suffix = ".txt">;


2019-06-28 15:07:05,590+0530 DEBUG textfiles END SWIFTSCRIPT:
2019-06-28 15:07:05,591+0530 INFO  Loader p1.swift: source file is new. Recompiling.
2019-06-28 15:07:06,376+0530 DEBUG Loader Detailed exception:
xs:schema @ p1.kml, line: 8: org.globus.cog.karajan.analyzer.CompilationException: Cannot resolve types
	at org.griphyn.vdl.karajan.lib.XS$Schema.compileBody(XS.java:75)
	at org.globus.cog.karajan.compiled.nodes.InternalFunction.compileChildren(InternalFunction.java:431)
	at org.globus.cog.karajan.compiled.nodes.CompoundNode.compile(CompoundNode.java:58)
	at org.globus.cog.karajan.parser.WrapperNode.compile(WrapperNode.java:191)
	at org.globus.cog.karajan.compiled.nodes.CompoundNode.compileChild(CompoundNode.java:87)
	at org.globus.cog.karajan.compiled.nodes.CompoundNode.compileChildren(CompoundNode.java:70)
	at org.globus.cog.karajan.compiled.nodes.InternalFunction.compileChildren(InternalFunction.java:416)
	at org.globus.cog.karajan.compiled.nodes.CompoundNode.compile(CompoundNode.java:58)
	at org.globus.cog.karajan.parser.WrapperNode.compile(WrapperNode.java:191)
	at org.globus.cog.karajan.compiled.nodes.CompoundNode.compileChild(CompoundNode.java:87)
	at org.globus.cog.karajan.compiled.nodes.CompoundNode.compileChildren(CompoundNode.java:70)
	at org.globus.cog.karajan.compiled.nodes.InternalFunction.compileChildren(InternalFunction.java:416)
	at org.globus.cog.karajan.compiled.nodes.Main.compile(Main.java:90)
	at org.globus.cog.karajan.parser.WrapperNode.compile(WrapperNode.java:191)
	at org.griphyn.vdl.karajan.Loader.compileKarajan(Loader.java:417)
	at org.griphyn.vdl.karajan.Loader.main(Loader.java:226)
Caused by: org.griphyn.vdl.type.NoSuchTypeException: No such type: file
	at org.griphyn.vdl.type.Types.getType(Types.java:169)
	at org.griphyn.vdl.type.Types.resolveTypes(Types.java:217)
	at org.griphyn.vdl.karajan.lib.XS$Schema.compileBody(XS.java:72)
	... 15 more
