2019-06-28 15:11:05,367+0530 INFO  Loader JAVA Oracle Corporation OpenJDK 64-Bit Server VM 1.8.0_212
2019-06-28 15:11:05,369+0530 INFO  Loader VERSION Swift 0.96.2 git-rev: b9611649002eecd640fc6c58bbb88cb35ce03539 heads/release-0.96-swift 6287
2019-06-28 15:11:05,369+0530 INFO  Loader RUN_ID run005
2019-06-28 15:11:05,369+0530 INFO  Loader ARGUMENTS [-runid, run005, -logfile, /home/amanda/swift-samples/swift1/run005/swift.log, p1.swift]
2019-06-28 15:11:05,369+0530 INFO  Loader MAX_HEAP 954728448
2019-06-28 15:11:05,369+0530 INFO  Loader GLOBUS_HOSTNAME amanda-pc
2019-06-28 15:11:05,369+0530 INFO  Loader CWD /home/amanda/swift-samples/swift1/.
2019-06-28 15:11:05,370+0530 DEBUG Loader SWIFT_CONFIGURATION 
[D] /home/amanda/swift-0.96.2/etc/swift.conf
[C] <Command Line>
{
	TCPPortRange: "50000, 50100"                               # [D] line 27
	alwaysTransferWrapperLog: true                             # [D] line 61
	executionRetries: 0                                        # [D] line 137
	fileOperationsThrottle: 8                                  # [D] line 121
	fileTransfersThrottle: 4                                   # [D] line 107
	hostJobSubmitThrottle: 2                                   # [D] line 95
	jobSubmitThrottle: 4                                       # [D] line 83
	keepSiteDir: false                                         # [D] line 131
	lazyErrors: true                                           # [D] line 41
	logProvenance: false                                       # [D] line 200
	maxForeachThreads: 16384                                   # [D] line 194
	replicationEnabled: false                                  # [D] line 146
	replicationLimit: 3                                        # [D] line 157
	replicationMinQueueTime: 60                                # [D] line 153
	site.local {
		app.ALL.executable: "*"                                   # [D] line 232
		execution.type: "local"                                   # [D] line 223
		filesystem.type: "local"                                  # [D] line 226
		workDirectory: "swiftwork"                                # [D] line 229
	}
	sites: [local]                                             # [D] line 236
	tracingEnabled: false                                      # [D] line 51
}

2019-06-28 15:11:05,371+0530 DEBUG textfiles BEGIN SWIFTSCRIPT:
type file;
file sims[];

foreach i in [0:5] {
   trace(i);
   file f <SingleFileMapper;file = "output/sim_",i,".out">; 
   f = writeData(i);
  
}



2019-06-28 15:11:05,371+0530 DEBUG textfiles END SWIFTSCRIPT:
2019-06-28 15:11:05,371+0530 INFO  Loader p1.swift: source file is new. Recompiling.
2019-06-28 15:11:05,440+0530 ERROR VDLt2VDLx Could not compile SwiftScript source: line 6:51: expecting ASSIGN, found ','
2019-06-28 15:11:05,440+0530 DEBUG VDLt2VDLx Full parser exception
line 6:51: expecting ASSIGN, found ','
	at antlr.Parser.match(Parser.java:211)
	at org.globus.swift.parser.SwiftScriptParser.mapparam(SwiftScriptParser.java:1559)
	at org.globus.swift.parser.SwiftScriptParser.mapparamdecl(SwiftScriptParser.java:1528)
	at org.globus.swift.parser.SwiftScriptParser.mappingdecl(SwiftScriptParser.java:1303)
	at org.globus.swift.parser.SwiftScriptParser.declpart(SwiftScriptParser.java:1250)
	at org.globus.swift.parser.SwiftScriptParser.declaration(SwiftScriptParser.java:721)
	at org.globus.swift.parser.SwiftScriptParser.innerStatement(SwiftScriptParser.java:1914)
	at org.globus.swift.parser.SwiftScriptParser.compoundStat(SwiftScriptParser.java:1880)
	at org.globus.swift.parser.SwiftScriptParser.foreachStat(SwiftScriptParser.java:2220)
	at org.globus.swift.parser.SwiftScriptParser.ll1statement(SwiftScriptParser.java:597)
	at org.globus.swift.parser.SwiftScriptParser.topLevelStatement(SwiftScriptParser.java:210)
	at org.globus.swift.parser.SwiftScriptParser.program(SwiftScriptParser.java:119)
	at org.griphyn.vdl.toolkit.VDLt2VDLx.compile(VDLt2VDLx.java:79)
	at org.griphyn.vdl.toolkit.VDLt2VDLx.compile(VDLt2VDLx.java:62)
	at org.griphyn.vdl.karajan.Loader.compile(Loader.java:486)
	at org.griphyn.vdl.karajan.Loader.main(Loader.java:191)
2019-06-28 15:11:05,442+0530 DEBUG Loader Exception when compiling p1.swift
org.griphyn.vdl.toolkit.VDLt2VDLx$ParsingException: Could not compile SwiftScript source: expecting ASSIGN, found ','
	at org.griphyn.vdl.toolkit.VDLt2VDLx.compile(VDLt2VDLx.java:84)
	at org.griphyn.vdl.toolkit.VDLt2VDLx.compile(VDLt2VDLx.java:62)
	at org.griphyn.vdl.karajan.Loader.compile(Loader.java:486)
	at org.griphyn.vdl.karajan.Loader.main(Loader.java:191)
Caused by: line 6:51: expecting ASSIGN, found ','
	at antlr.Parser.match(Parser.java:211)
	at org.globus.swift.parser.SwiftScriptParser.mapparam(SwiftScriptParser.java:1559)
	at org.globus.swift.parser.SwiftScriptParser.mapparamdecl(SwiftScriptParser.java:1528)
	at org.globus.swift.parser.SwiftScriptParser.mappingdecl(SwiftScriptParser.java:1303)
	at org.globus.swift.parser.SwiftScriptParser.declpart(SwiftScriptParser.java:1250)
	at org.globus.swift.parser.SwiftScriptParser.declaration(SwiftScriptParser.java:721)
	at org.globus.swift.parser.SwiftScriptParser.innerStatement(SwiftScriptParser.java:1914)
	at org.globus.swift.parser.SwiftScriptParser.compoundStat(SwiftScriptParser.java:1880)
	at org.globus.swift.parser.SwiftScriptParser.foreachStat(SwiftScriptParser.java:2220)
	at org.globus.swift.parser.SwiftScriptParser.ll1statement(SwiftScriptParser.java:597)
	at org.globus.swift.parser.SwiftScriptParser.topLevelStatement(SwiftScriptParser.java:210)
	at org.globus.swift.parser.SwiftScriptParser.program(SwiftScriptParser.java:119)
	at org.griphyn.vdl.toolkit.VDLt2VDLx.compile(VDLt2VDLx.java:79)
	... 3 more
